ATAT1
CCT2
CCT5
CCT7
CDH7
CENPJ
FGF8
FGFR1
GPR161
HDAC6
HESX1
IFT74
IFT81
KAL1
LHX3
LHX4
MAP1B
MAP2
MAPT
OTX2
PROK2
PROKR2
RITA1
RP2
SALL4
SEMA3E
SIRT2
STMN1
TBCA
TBCB
TBCC
TBCD
TBCE
TBCEL
TCP1
TMEM67
TPGS1
TPGS2
TPPP
TPPP2
TPPP3
TTBK1
TTBK2
TTL
TTLL1
TTLL10
TTLL11
TTLL12
TTLL13
TTLL2
TTLL3
TTLL4
TTLL5
TTLL6
TTLL7
TTLL8
TTLL9
TUBA1A
TUBA1B
TUBA1C
TUBA3C
TUBA3D
TUBA3E
TUBA4A
TUBA4B
TUBA8
TUBAL3
TUBB
TUBB1
TUBB2A
TUBB2B
TUBB3
TUBB4A
TUBB4B
TUBB6
TUBB8
TUBB8B
TUBD1
TUBE1
TUBG1
TUBG2
TUBGCP2
TUBGCP3
TUBGCP4
TUBGCP5
TUBGCP6
CDON
DISP1
DLL1
FGF8
FGFR1
FOXH1
GAS1
GLI2
GLI3
NODAL
NOTCH
PTCH1
SHH
SIX3
SMAD2
SSH
STIL
TGDGF1
TGIF1
WNT
ZIC2
CDH19
