# Immune Dysregulation
ACD
ACP5
ACTB
ADA
CECR1
ADAM17
ADAR
AICDA
AIRE
AK2
AP3B1
ATM
B2M
BCL10
BLNK
BLOC1S6
BTK
CARD11
CARD14
CARD9
CASP10
CASP8
CD247
CD27
CD3D
CD3E
CD3G
CD40LG
CD79A
CD79B
CD8A
CEBPE
CHD7
CIITA
CLPB
COPA
CORO1A
CR2
CSF2RA
CSF3R
CTC1
CTLA4
CTPS1
CTSC
CXCR4
CYBA
CYBB
DCLRE1B
DCLRE1C
DKC1
DNMT3B
DOCK2
DOCK8
ELANE
EPG5
FADD
FAS
FASLG
FERMT3
FOXN1
FOXP3
FPR1
G6PC3
GATA2
GFI1
HAX1
ICOS
IFIH1
IFNGR1
IFNGR2
IGLL1
IKBKB
IL10
IL10RA
IL10RB
IL12B
IL12RB1
IL17F
IL17RA
IL17RC
IL1RN
IL21
IL21R
IL2RA
IL2RG
IL36RN
IL7R
IRAK4
IRF7
IRF8
ISG15
ITCH
ITGB2
ITK
JAGN1
JAK3
LAMTOR2
LCK
LIG4
LPIN2
LRBA
LYST
MAGT1
MALT1
MAP3K14
MEFV
MOGS
MVK
MYD88
NBN
NCF2
NCF4
NFAT5
NFKB2
NFKBIA
NHEJ1
NHP2
NLRC4
NLRP12
NLRP3
NOD2
NOP10
ORAI1
PARN
PGM3
PIK3CD
PIK3R1
PLCG2
PMM2
PNP
POLE
PRF1
PRKCD
PRKDC
PSMB8
PSTPIP1
PTPRC
RAB27A
RAC2
RAG1
RAG2
RBCK1
RFX5
RFXANK
RFXAP
RHOH
RMRP
RNASEH2A
RNASEH2B
RNASEH2C
RORC
RTEL1
SAMHD1
SEMA3E
SH2D1A
SH3BP2
SLC29A3
SLC35C1
SLC37A4
SLC7A7
SMARCAL1
SP110
SPINK5
STAT1
STAT2
STAT3
STAT5B
STIM1
STK4
STX11
STXBP2
TAP1
TAP2
TAPBP
TBX1
TAZ
TBX1
TCN2
TERC
TERT
TICAM1
TINF2
TLR3
TMC6
TMC8
TMEM173
TNFRSF13B
TNFRSF13C
TNFRSF1A
TNFRSF4
TNFSF12
TPP2
TRAF3
TRAF3IP2
TREX1
TRNT1
TTC7A
TYK2
UNC13D
UNC93B1
UNG
VPS13B
VPS45
WAS
WIPF1
XIAP
ZAP70
ZBTB24
