# Reportable hearing loss gene panel
ABHD12
ACTG1
#- ADGRV1
AIFM1
ATP6V1B1
BCS1L
BSND
CABP2
CACNA1D
CDC14A
CDH23
CEACAM16
CEP78
CHD7
CIB2
CISD2
CLDN14
CLIC5
CLPP
CLRN1
COCH
COL11A2
DIAPH1
DIAPH3
DMXL2
DNMT1
DSPP
EDN3
EDNRB
EPS8
EPS8L2
ESPN
ESRRB
EYA1
EYA4
GIPC3
GJB2
GJB3
GJB6
GPSM2
GRHL2
GRXCR1
GRXCR2
#- GSDME
HGF
HOMER2
HSD17B4
ILDR1
KCNE1
KCNQ1
KCNQ4
LARS2
LHFPL5
LOXHD1
LRTOMT
MARVELD2
MIR96
MITF
MSRB3
MT-RNR1
MT-TS1
MYH14
MYH9
MYO15A
MYO3A
MYO6
MYO7A
OSBPL2
OTOA
OTOF
OTOG
OTOGL
P2RX2
PAX3
#- PCDH15
PDZD7
#- PJVK
POU3F4
POU4F3
PRPS1
PTPRQ
RDX
#- RIPOR2
S1PR2
SERPINB6
SIX1
SLC17A8
SLC26A4
SLC52A2
SLITRK6
SMPX
SOX10
STRC
SYNE4
TECTA
TIMM8A
TMC1
TMIE
TMPRSS3
TPRN
TRIOBP
TUBB4B
USH1C
USH1G
USH2A
WFS1
#- WHRN

#++
DFNA5
DFNB31
DFNB59
FAM65B
GPR98
IL6
PTPRR




