#Thrombotic thrombocytopenic purpura
#TTP1 = abbreviated complement system geneset
#  (different from original complement geneset)
CD46
THBD
C4BPA
C4BPB
CFB
C3
CFH
DGKE
CFHR1
CFHR3
CFHR4
CFHR5
CFI
CR1
# TTP2 = Von Willebrand factor (VWF) and related genes
ADAMTS13
VWF
ABO
F8
GP1BA
GP1BB
GP5
GP9
# TTP3 = VWF clearance enzymes
CTSG
PRTN3
GZMB
F2
PLG
ELANE
CD36
GZMM
MMP9
# TTP4 = VWF clearance receptors
ASGR1
ASGR2
CLEC10A
SIGLEC5
CLEC4M
LRP1
MSR1
ITGB2
SCARA5
STAB2
# Added by request
CD55
CD59
SERPING1
