# The tubulinopathies are a wide and overlapping range of brain
# malformations caused by mutation of one of seven genes encoding
# different isotypes of tubulin
# https://www.ncbi.nlm.nih.gov/books/NBK350554/
ATAT1
CCT2
CCT5
CCT7
CENPJ
HDAC6
IFT74
IFT81
MAP1B
MAP2
MAPT
RITA1
RP2
SIRT2
STMN1
TBCA
TBCB
TBCC
TBCD
TBCE
TBCEL
TCP1
TPGS1
TPGS2
TPPP
TPPP2
TPPP3
TTBK1
TTBK2
TTL
TTLL1
TTLL10
TTLL11
TTLL12
TTLL13
TTLL13P
TTLL2
TTLL3
TTLL4
TTLL5
TTLL6
TTLL7
TTLL8
TTLL9
TUBA1A
TUBA1B
TUBA1C
TUBA3C
TUBA3D
TUBA3E
TUBA4A
TUBA4B
TUBA8
TUBAL3
TUBB
TUBB1
TUBB2A
TUBB2B
TUBB3
TUBB4A
TUBB4B
TUBB6
TUBB8
TUBB8B
TUBB8P12
TUBD1
TUBE1
TUBG1
TUBG2
TUBGCP2
TUBGCP3
TUBGCP4
TUBGCP5
TUBGCP6
